
=== DATASET RUN START: Srinivasan_2014 ===

[DATA] Split/Class counts:
class  AMD  DME  NORMAL  TOTAL
split                         
test   109  165     211    485
train  506  770     985   2261
val    108  166     211    485
[DATA] Train imbalance: min=506, max=985, ratio=1.95
[RAM] Caching split='train' images=2261 as uint8 tensors. Estimated RAM ~ 0.32 GB
[RAM] Cached 2261 images for split='train'
[RAM] Caching split='val' images=485 as uint8 tensors. Estimated RAM ~ 0.07 GB
[RAM] Cached 485 images for split='val'
[RAM] Caching split='test' images=485 as uint8 tensors. Estimated RAM ~ 0.07 GB
[RAM] Cached 485 images for split='test'
[IMB] Train class counts: [506, 770, 985]
[IMB] Class-Balanced weights (mean~1): [1.3687, 0.9113, 0.72]
[IMB] Sampler disabled. min=506 max=985 ratio=1.95

[DATASET] Srinivasan_2014
 - root: D:\AIUB\DSP\Code\Datasets\Srinivasan_2014\Srinivasan_2014_CLEAN_SHAONLY
 - pad_to_square: True
 - cache_in_ram: True
 - classes (3): ['AMD', 'DME', 'NORMAL']
 - split sizes: train=2261 val=485 test=485

[MODEL] Creating deit_small_distilled_patch16_224 + VPT-Deep (frozen=True)
[PARAMS] total=21,760,902 trainable=94,470 (0.4341%)
[IMB] Train class counts: [506, 770, 985]
[IMB] Class-Balanced weights (mean~1): [1.3687, 0.9113, 0.72]
[IMB] Sampler disabled. min=506 max=985 ratio=1.95
[Srinivasan_2014] Epoch 001/100 | lr=1.00e-04 | train_loss=1.1062 train_acc=37.73% | val_loss=1.0913 val_acc=47.01% val_macroF1=37.80% | ep_time=3.8s peakVRAM=1.73GB
[ES] New best val_loss=1.091279 -> saved runs\Srinivasan_2014\deit_small_vptdeep_frozen_3c\20251224-230558\best_model.pth
[Srinivasan_2014] Epoch 002/100 | lr=1.50e-04 | train_loss=1.0663 train_acc=45.20% | val_loss=0.9987 val_acc=65.15% val_macroF1=55.38% | ep_time=3.6s peakVRAM=1.73GB
[ES] New best val_loss=0.998706 -> saved runs\Srinivasan_2014\deit_small_vptdeep_frozen_3c\20251224-230558\best_model.pth
[Srinivasan_2014] Epoch 003/100 | lr=2.00e-04 | train_loss=0.9392 train_acc=63.03% | val_loss=0.7485 val_acc=76.29% val_macroF1=73.69% | ep_time=3.6s peakVRAM=1.73GB
[ES] New best val_loss=0.748545 -> saved runs\Srinivasan_2014\deit_small_vptdeep_frozen_3c\20251224-230558\best_model.pth
[Srinivasan_2014] Epoch 004/100 | lr=2.50e-04 | train_loss=0.7056 train_acc=76.51% | val_loss=0.5361 val_acc=90.31% val_macroF1=88.19% | ep_time=3.6s peakVRAM=1.73GB
[ES] New best val_loss=0.536122 -> saved runs\Srinivasan_2014\deit_small_vptdeep_frozen_3c\20251224-230558\best_model.pth
[Srinivasan_2014] Epoch 005/100 | lr=3.00e-04 | train_loss=0.5336 train_acc=89.47% | val_loss=0.4497 val_acc=97.11% val_macroF1=96.98% | ep_time=3.6s peakVRAM=1.73GB
[ES] New best val_loss=0.449667 -> saved runs\Srinivasan_2014\deit_small_vptdeep_frozen_3c\20251224-230558\best_model.pth
[Srinivasan_2014] Epoch 006/100 | lr=3.50e-04 | train_loss=0.4719 train_acc=93.32% | val_loss=0.4171 val_acc=97.94% val_macroF1=97.83% | ep_time=3.6s peakVRAM=1.73GB
[ES] New best val_loss=0.417119 -> saved runs\Srinivasan_2014\deit_small_vptdeep_frozen_3c\20251224-230558\best_model.pth
[Srinivasan_2014] Epoch 007/100 | lr=4.00e-04 | train_loss=0.4631 train_acc=92.92% | val_loss=0.3966 val_acc=98.97% val_macroF1=99.03% | ep_time=3.6s peakVRAM=1.73GB
[ES] New best val_loss=0.396600 -> saved runs\Srinivasan_2014\deit_small_vptdeep_frozen_3c\20251224-230558\best_model.pth
[Srinivasan_2014] Epoch 008/100 | lr=4.50e-04 | train_loss=0.4595 train_acc=92.70% | val_loss=0.4068 val_acc=98.35% val_macroF1=98.43% | ep_time=3.6s peakVRAM=1.73GB
[ES] No improve 1/10
[Srinivasan_2014] Epoch 009/100 | lr=5.00e-04 | train_loss=0.4431 train_acc=94.07% | val_loss=0.4317 val_acc=95.88% val_macroF1=96.31% | ep_time=3.6s peakVRAM=1.73GB
[ES] No improve 2/10
[Srinivasan_2014] Epoch 010/100 | lr=5.00e-04 | train_loss=0.4626 train_acc=91.20% | val_loss=0.3929 val_acc=99.38% val_macroF1=99.39% | ep_time=3.5s peakVRAM=1.73GB
[ES] New best val_loss=0.392854 -> saved runs\Srinivasan_2014\deit_small_vptdeep_frozen_3c\20251224-230558\best_model.pth
[Srinivasan_2014] Epoch 011/100 | lr=5.00e-04 | train_loss=0.4134 train_acc=95.84% | val_loss=0.3636 val_acc=99.59% val_macroF1=99.64% | ep_time=3.6s peakVRAM=1.73GB
[ES] New best val_loss=0.363601 -> saved runs\Srinivasan_2014\deit_small_vptdeep_frozen_3c\20251224-230558\best_model.pth
[Srinivasan_2014] Epoch 012/100 | lr=4.99e-04 | train_loss=0.3834 train_acc=97.30% | val_loss=0.3557 val_acc=99.59% val_macroF1=99.64% | ep_time=3.5s peakVRAM=1.73GB
[ES] New best val_loss=0.355732 -> saved runs\Srinivasan_2014\deit_small_vptdeep_frozen_3c\20251224-230558\best_model.pth
[Srinivasan_2014] Epoch 013/100 | lr=4.99e-04 | train_loss=0.3708 train_acc=97.30% | val_loss=0.3567 val_acc=99.79% val_macroF1=99.74% | ep_time=3.6s peakVRAM=1.73GB
[ES] No improve 1/10
[Srinivasan_2014] Epoch 014/100 | lr=4.98e-04 | train_loss=0.4117 train_acc=95.67% | val_loss=0.3474 val_acc=100.00% val_macroF1=100.00% | ep_time=3.5s peakVRAM=1.73GB
[ES] New best val_loss=0.347365 -> saved runs\Srinivasan_2014\deit_small_vptdeep_frozen_3c\20251224-230558\best_model.pth
[Srinivasan_2014] Epoch 015/100 | lr=4.96e-04 | train_loss=0.4230 train_acc=93.54% | val_loss=0.3754 val_acc=99.59% val_macroF1=99.64% | ep_time=3.6s peakVRAM=1.73GB
[ES] No improve 1/10
[Srinivasan_2014] Epoch 016/100 | lr=4.95e-04 | train_loss=0.4152 train_acc=94.43% | val_loss=0.3656 val_acc=99.18% val_macroF1=99.06% | ep_time=3.6s peakVRAM=1.73GB
[ES] No improve 2/10
[Srinivasan_2014] Epoch 017/100 | lr=4.93e-04 | train_loss=0.3517 train_acc=98.58% | val_loss=0.3535 val_acc=99.79% val_macroF1=99.82% | ep_time=3.5s peakVRAM=1.73GB
[ES] No improve 3/10
[Srinivasan_2014] Epoch 018/100 | lr=4.90e-04 | train_loss=0.3711 train_acc=96.86% | val_loss=0.3540 val_acc=99.18% val_macroF1=99.28% | ep_time=3.6s peakVRAM=1.73GB
[ES] No improve 4/10
[Srinivasan_2014] Epoch 019/100 | lr=4.88e-04 | train_loss=0.3571 train_acc=97.88% | val_loss=0.3438 val_acc=99.79% val_macroF1=99.82% | ep_time=3.6s peakVRAM=1.73GB
[ES] New best val_loss=0.343752 -> saved runs\Srinivasan_2014\deit_small_vptdeep_frozen_3c\20251224-230558\best_model.pth
[Srinivasan_2014] Epoch 020/100 | lr=4.85e-04 | train_loss=0.3451 train_acc=99.12% | val_loss=0.3410 val_acc=99.79% val_macroF1=99.82% | ep_time=3.6s peakVRAM=1.73GB
[ES] New best val_loss=0.341000 -> saved runs\Srinivasan_2014\deit_small_vptdeep_frozen_3c\20251224-230558\best_model.pth
[Srinivasan_2014] Epoch 021/100 | lr=4.82e-04 | train_loss=0.3558 train_acc=98.01% | val_loss=0.3429 val_acc=100.00% val_macroF1=100.00% | ep_time=3.6s peakVRAM=1.73GB
[ES] No improve 1/10
[Srinivasan_2014] Epoch 022/100 | lr=4.78e-04 | train_loss=0.3284 train_acc=99.47% | val_loss=0.3396 val_acc=99.79% val_macroF1=99.82% | ep_time=3.5s peakVRAM=1.73GB
[ES] New best val_loss=0.339585 -> saved runs\Srinivasan_2014\deit_small_vptdeep_frozen_3c\20251224-230558\best_model.pth
[Srinivasan_2014] Epoch 023/100 | lr=4.75e-04 | train_loss=0.3543 train_acc=97.79% | val_loss=0.3348 val_acc=100.00% val_macroF1=100.00% | ep_time=3.6s peakVRAM=1.73GB
[ES] New best val_loss=0.334801 -> saved runs\Srinivasan_2014\deit_small_vptdeep_frozen_3c\20251224-230558\best_model.pth
[Srinivasan_2014] Epoch 024/100 | lr=4.71e-04 | train_loss=0.3511 train_acc=98.10% | val_loss=0.3356 val_acc=100.00% val_macroF1=100.00% | ep_time=3.6s peakVRAM=1.73GB
[ES] No improve 1/10
[Srinivasan_2014] Epoch 025/100 | lr=4.67e-04 | train_loss=0.3563 train_acc=98.01% | val_loss=0.3427 val_acc=99.79% val_macroF1=99.82% | ep_time=3.5s peakVRAM=1.73GB
[ES] No improve 2/10
[Srinivasan_2014] Epoch 026/100 | lr=4.62e-04 | train_loss=0.3328 train_acc=98.98% | val_loss=0.3361 val_acc=100.00% val_macroF1=100.00% | ep_time=3.6s peakVRAM=1.73GB
[ES] No improve 3/10
[Srinivasan_2014] Epoch 027/100 | lr=4.57e-04 | train_loss=0.3396 train_acc=98.28% | val_loss=0.3383 val_acc=100.00% val_macroF1=100.00% | ep_time=3.5s peakVRAM=1.73GB
[ES] No improve 4/10
[Srinivasan_2014] Epoch 028/100 | lr=4.52e-04 | train_loss=0.3411 train_acc=98.19% | val_loss=0.3405 val_acc=99.79% val_macroF1=99.82% | ep_time=3.5s peakVRAM=1.73GB
[ES] No improve 5/10
[Srinivasan_2014] Epoch 029/100 | lr=4.47e-04 | train_loss=0.3527 train_acc=98.05% | val_loss=0.3344 val_acc=100.00% val_macroF1=100.00% | ep_time=3.6s peakVRAM=1.73GB
[ES] New best val_loss=0.334403 -> saved runs\Srinivasan_2014\deit_small_vptdeep_frozen_3c\20251224-230558\best_model.pth
[Srinivasan_2014] Epoch 030/100 | lr=4.42e-04 | train_loss=0.3396 train_acc=98.50% | val_loss=0.3342 val_acc=100.00% val_macroF1=100.00% | ep_time=3.6s peakVRAM=1.73GB
[ES] New best val_loss=0.334151 -> saved runs\Srinivasan_2014\deit_small_vptdeep_frozen_3c\20251224-230558\best_model.pth
[Srinivasan_2014] Epoch 031/100 | lr=4.36e-04 | train_loss=0.3438 train_acc=98.45% | val_loss=0.3328 val_acc=100.00% val_macroF1=100.00% | ep_time=3.6s peakVRAM=1.73GB
[ES] New best val_loss=0.332770 -> saved runs\Srinivasan_2014\deit_small_vptdeep_frozen_3c\20251224-230558\best_model.pth
[Srinivasan_2014] Epoch 032/100 | lr=4.30e-04 | train_loss=0.3242 train_acc=99.29% | val_loss=0.3368 val_acc=100.00% val_macroF1=100.00% | ep_time=3.5s peakVRAM=1.73GB
[ES] No improve 1/10
[Srinivasan_2014] Epoch 033/100 | lr=4.24e-04 | train_loss=0.3480 train_acc=98.01% | val_loss=0.3338 val_acc=100.00% val_macroF1=100.00% | ep_time=3.6s peakVRAM=1.73GB
[ES] No improve 2/10
[Srinivasan_2014] Epoch 034/100 | lr=4.17e-04 | train_loss=0.3432 train_acc=98.01% | val_loss=0.3374 val_acc=100.00% val_macroF1=100.00% | ep_time=3.6s peakVRAM=1.73GB
[ES] No improve 3/10
[Srinivasan_2014] Epoch 035/100 | lr=4.11e-04 | train_loss=0.3193 train_acc=99.69% | val_loss=0.3403 val_acc=99.38% val_macroF1=99.23% | ep_time=3.6s peakVRAM=1.73GB
[ES] No improve 4/10
[Srinivasan_2014] Epoch 036/100 | lr=4.04e-04 | train_loss=0.3318 train_acc=98.94% | val_loss=0.3361 val_acc=99.79% val_macroF1=99.82% | ep_time=3.6s peakVRAM=1.73GB
[ES] No improve 5/10
[Srinivasan_2014] Epoch 037/100 | lr=3.97e-04 | train_loss=0.3379 train_acc=98.50% | val_loss=0.3331 val_acc=100.00% val_macroF1=100.00% | ep_time=3.6s peakVRAM=1.73GB
[ES] No improve 6/10
[Srinivasan_2014] Epoch 038/100 | lr=3.90e-04 | train_loss=0.3290 train_acc=99.03% | val_loss=0.3362 val_acc=99.79% val_macroF1=99.82% | ep_time=3.6s peakVRAM=1.73GB
[ES] No improve 7/10
[Srinivasan_2014] Epoch 039/100 | lr=3.82e-04 | train_loss=0.3316 train_acc=98.67% | val_loss=0.3317 val_acc=100.00% val_macroF1=100.00% | ep_time=3.6s peakVRAM=1.73GB
[ES] New best val_loss=0.331697 -> saved runs\Srinivasan_2014\deit_small_vptdeep_frozen_3c\20251224-230558\best_model.pth
[Srinivasan_2014] Epoch 040/100 | lr=3.75e-04 | train_loss=0.3318 train_acc=98.67% | val_loss=0.3384 val_acc=99.59% val_macroF1=99.49% | ep_time=3.6s peakVRAM=1.73GB
[ES] No improve 1/10
[Srinivasan_2014] Epoch 041/100 | lr=3.67e-04 | train_loss=0.3146 train_acc=99.87% | val_loss=0.3320 val_acc=100.00% val_macroF1=100.00% | ep_time=3.5s peakVRAM=1.73GB
[ES] No improve 2/10
[Srinivasan_2014] Epoch 042/100 | lr=3.60e-04 | train_loss=0.3393 train_acc=98.45% | val_loss=0.3317 val_acc=100.00% val_macroF1=100.00% | ep_time=3.6s peakVRAM=1.73GB
[ES] No improve 3/10
[Srinivasan_2014] Epoch 043/100 | lr=3.52e-04 | train_loss=0.3304 train_acc=98.94% | val_loss=0.3338 val_acc=100.00% val_macroF1=100.00% | ep_time=3.5s peakVRAM=1.73GB
[ES] No improve 4/10
[Srinivasan_2014] Epoch 044/100 | lr=3.44e-04 | train_loss=0.3425 train_acc=97.92% | val_loss=0.3313 val_acc=100.00% val_macroF1=100.00% | ep_time=3.5s peakVRAM=1.73GB
[ES] New best val_loss=0.331281 -> saved runs\Srinivasan_2014\deit_small_vptdeep_frozen_3c\20251224-230558\best_model.pth
[Srinivasan_2014] Epoch 045/100 | lr=3.36e-04 | train_loss=0.3294 train_acc=98.89% | val_loss=0.3327 val_acc=100.00% val_macroF1=100.00% | ep_time=3.5s peakVRAM=1.73GB
[ES] No improve 1/10
[Srinivasan_2014] Epoch 046/100 | lr=3.27e-04 | train_loss=0.3459 train_acc=97.97% | val_loss=0.3321 val_acc=100.00% val_macroF1=100.00% | ep_time=3.6s peakVRAM=1.73GB
[ES] No improve 2/10
[Srinivasan_2014] Epoch 047/100 | lr=3.19e-04 | train_loss=0.3201 train_acc=99.60% | val_loss=0.3329 val_acc=100.00% val_macroF1=100.00% | ep_time=3.6s peakVRAM=1.73GB
[ES] No improve 3/10
[Srinivasan_2014] Epoch 048/100 | lr=3.10e-04 | train_loss=0.3295 train_acc=99.03% | val_loss=0.3311 val_acc=100.00% val_macroF1=100.00% | ep_time=3.6s peakVRAM=1.73GB
[ES] New best val_loss=0.331058 -> saved runs\Srinivasan_2014\deit_small_vptdeep_frozen_3c\20251224-230558\best_model.pth
[Srinivasan_2014] Epoch 049/100 | lr=3.02e-04 | train_loss=0.3209 train_acc=99.47% | val_loss=0.3384 val_acc=99.79% val_macroF1=99.82% | ep_time=3.6s peakVRAM=1.73GB
[ES] No improve 1/10
[Srinivasan_2014] Epoch 050/100 | lr=2.93e-04 | train_loss=0.3409 train_acc=98.32% | val_loss=0.3312 val_acc=100.00% val_macroF1=100.00% | ep_time=3.6s peakVRAM=1.73GB
[ES] No improve 2/10
[Srinivasan_2014] Epoch 051/100 | lr=2.85e-04 | train_loss=0.3272 train_acc=99.25% | val_loss=0.3309 val_acc=100.00% val_macroF1=100.00% | ep_time=3.6s peakVRAM=1.73GB
[ES] New best val_loss=0.330939 -> saved runs\Srinivasan_2014\deit_small_vptdeep_frozen_3c\20251224-230558\best_model.pth
[Srinivasan_2014] Epoch 052/100 | lr=2.76e-04 | train_loss=0.3484 train_acc=97.43% | val_loss=0.3308 val_acc=100.00% val_macroF1=100.00% | ep_time=3.6s peakVRAM=1.73GB
[ES] New best val_loss=0.330770 -> saved runs\Srinivasan_2014\deit_small_vptdeep_frozen_3c\20251224-230558\best_model.pth
[Srinivasan_2014] Epoch 053/100 | lr=2.67e-04 | train_loss=0.3252 train_acc=99.16% | val_loss=0.3318 val_acc=100.00% val_macroF1=100.00% | ep_time=3.6s peakVRAM=1.73GB
[ES] No improve 1/10
[Srinivasan_2014] Epoch 054/100 | lr=2.59e-04 | train_loss=0.3235 train_acc=99.47% | val_loss=0.3330 val_acc=100.00% val_macroF1=100.00% | ep_time=3.6s peakVRAM=1.73GB
[ES] No improve 2/10
[Srinivasan_2014] Epoch 055/100 | lr=2.50e-04 | train_loss=0.3272 train_acc=99.20% | val_loss=0.3325 val_acc=99.79% val_macroF1=99.82% | ep_time=3.6s peakVRAM=1.73GB
[ES] No improve 3/10
[Srinivasan_2014] Epoch 056/100 | lr=2.41e-04 | train_loss=0.3173 train_acc=99.51% | val_loss=0.3350 val_acc=99.79% val_macroF1=99.74% | ep_time=3.6s peakVRAM=1.73GB
[ES] No improve 4/10
[Srinivasan_2014] Epoch 057/100 | lr=2.33e-04 | train_loss=0.3194 train_acc=99.51% | val_loss=0.3313 val_acc=100.00% val_macroF1=100.00% | ep_time=3.6s peakVRAM=1.73GB
[ES] No improve 5/10
[Srinivasan_2014] Epoch 058/100 | lr=2.24e-04 | train_loss=0.3149 train_acc=99.73% | val_loss=0.3324 val_acc=99.79% val_macroF1=99.82% | ep_time=3.6s peakVRAM=1.73GB
[ES] No improve 6/10
[Srinivasan_2014] Epoch 059/100 | lr=2.15e-04 | train_loss=0.3381 train_acc=98.50% | val_loss=0.3309 val_acc=100.00% val_macroF1=100.00% | ep_time=3.6s peakVRAM=1.73GB
[ES] No improve 7/10
[Srinivasan_2014] Epoch 060/100 | lr=2.07e-04 | train_loss=0.3181 train_acc=99.47% | val_loss=0.3311 val_acc=100.00% val_macroF1=100.00% | ep_time=3.5s peakVRAM=1.73GB
[ES] No improve 8/10
[Srinivasan_2014] Epoch 061/100 | lr=1.98e-04 | train_loss=0.3143 train_acc=99.78% | val_loss=0.3307 val_acc=100.00% val_macroF1=100.00% | ep_time=3.5s peakVRAM=1.73GB
[ES] New best val_loss=0.330687 -> saved runs\Srinivasan_2014\deit_small_vptdeep_frozen_3c\20251224-230558\best_model.pth
[Srinivasan_2014] Epoch 062/100 | lr=1.90e-04 | train_loss=0.3237 train_acc=99.43% | val_loss=0.3307 val_acc=100.00% val_macroF1=100.00% | ep_time=3.5s peakVRAM=1.73GB
[ES] New best val_loss=0.330682 -> saved runs\Srinivasan_2014\deit_small_vptdeep_frozen_3c\20251224-230558\best_model.pth
[Srinivasan_2014] Epoch 063/100 | lr=1.81e-04 | train_loss=0.3263 train_acc=99.25% | val_loss=0.3377 val_acc=99.59% val_macroF1=99.64% | ep_time=3.5s peakVRAM=1.73GB
[ES] No improve 1/10
[Srinivasan_2014] Epoch 064/100 | lr=1.73e-04 | train_loss=0.3230 train_acc=99.34% | val_loss=0.3334 val_acc=99.79% val_macroF1=99.74% | ep_time=3.5s peakVRAM=1.73GB
[ES] No improve 2/10
[Srinivasan_2014] Epoch 065/100 | lr=1.64e-04 | train_loss=0.3347 train_acc=98.89% | val_loss=0.3371 val_acc=99.59% val_macroF1=99.64% | ep_time=3.5s peakVRAM=1.73GB
[ES] No improve 3/10
[Srinivasan_2014] Epoch 066/100 | lr=1.56e-04 | train_loss=0.3207 train_acc=99.51% | val_loss=0.3324 val_acc=99.79% val_macroF1=99.82% | ep_time=3.6s peakVRAM=1.73GB
[ES] No improve 4/10
[Srinivasan_2014] Epoch 067/100 | lr=1.48e-04 | train_loss=0.3178 train_acc=99.47% | val_loss=0.3306 val_acc=100.00% val_macroF1=100.00% | ep_time=3.6s peakVRAM=1.73GB
[ES] New best val_loss=0.330622 -> saved runs\Srinivasan_2014\deit_small_vptdeep_frozen_3c\20251224-230558\best_model.pth
[Srinivasan_2014] Epoch 068/100 | lr=1.40e-04 | train_loss=0.3160 train_acc=99.69% | val_loss=0.3307 val_acc=100.00% val_macroF1=100.00% | ep_time=3.6s peakVRAM=1.73GB
[ES] No improve 1/10
[Srinivasan_2014] Epoch 069/100 | lr=1.33e-04 | train_loss=0.3192 train_acc=99.51% | val_loss=0.3306 val_acc=100.00% val_macroF1=100.00% | ep_time=3.6s peakVRAM=1.73GB
[ES] New best val_loss=0.330553 -> saved runs\Srinivasan_2014\deit_small_vptdeep_frozen_3c\20251224-230558\best_model.pth
[Srinivasan_2014] Epoch 070/100 | lr=1.25e-04 | train_loss=0.3175 train_acc=99.60% | val_loss=0.3308 val_acc=100.00% val_macroF1=100.00% | ep_time=3.6s peakVRAM=1.73GB
[ES] No improve 1/10
[Srinivasan_2014] Epoch 071/100 | lr=1.18e-04 | train_loss=0.3232 train_acc=99.47% | val_loss=0.3310 val_acc=100.00% val_macroF1=100.00% | ep_time=3.6s peakVRAM=1.73GB
[ES] No improve 2/10
[Srinivasan_2014] Epoch 072/100 | lr=1.10e-04 | train_loss=0.3185 train_acc=99.60% | val_loss=0.3307 val_acc=100.00% val_macroF1=100.00% | ep_time=3.6s peakVRAM=1.73GB
[ES] No improve 3/10
[Srinivasan_2014] Epoch 073/100 | lr=1.03e-04 | train_loss=0.3193 train_acc=99.47% | val_loss=0.3310 val_acc=100.00% val_macroF1=100.00% | ep_time=3.6s peakVRAM=1.73GB
[ES] No improve 4/10
[Srinivasan_2014] Epoch 074/100 | lr=9.61e-05 | train_loss=0.3193 train_acc=99.47% | val_loss=0.3305 val_acc=100.00% val_macroF1=100.00% | ep_time=3.6s peakVRAM=1.73GB
[ES] New best val_loss=0.330485 -> saved runs\Srinivasan_2014\deit_small_vptdeep_frozen_3c\20251224-230558\best_model.pth
[Srinivasan_2014] Epoch 075/100 | lr=8.93e-05 | train_loss=0.3462 train_acc=98.05% | val_loss=0.3305 val_acc=100.00% val_macroF1=100.00% | ep_time=3.6s peakVRAM=1.73GB
[ES] No improve 1/10
[Srinivasan_2014] Epoch 076/100 | lr=8.27e-05 | train_loss=0.3271 train_acc=99.03% | val_loss=0.3357 val_acc=99.79% val_macroF1=99.82% | ep_time=3.6s peakVRAM=1.73GB
[ES] No improve 2/10
[Srinivasan_2014] Epoch 077/100 | lr=7.63e-05 | train_loss=0.3147 train_acc=99.82% | val_loss=0.3306 val_acc=100.00% val_macroF1=100.00% | ep_time=3.6s peakVRAM=1.73GB
[ES] No improve 3/10
[Srinivasan_2014] Epoch 078/100 | lr=7.02e-05 | train_loss=0.3407 train_acc=98.23% | val_loss=0.3314 val_acc=100.00% val_macroF1=100.00% | ep_time=3.6s peakVRAM=1.73GB
[ES] No improve 4/10
[Srinivasan_2014] Epoch 079/100 | lr=6.42e-05 | train_loss=0.3276 train_acc=99.25% | val_loss=0.3305 val_acc=100.00% val_macroF1=100.00% | ep_time=3.6s peakVRAM=1.73GB
[ES] No improve 5/10
[Srinivasan_2014] Epoch 080/100 | lr=5.85e-05 | train_loss=0.3152 train_acc=99.78% | val_loss=0.3322 val_acc=99.79% val_macroF1=99.82% | ep_time=3.7s peakVRAM=1.73GB
[ES] No improve 6/10
[Srinivasan_2014] Epoch 081/100 | lr=5.30e-05 | train_loss=0.3206 train_acc=99.56% | val_loss=0.3309 val_acc=100.00% val_macroF1=100.00% | ep_time=3.7s peakVRAM=1.73GB
[ES] No improve 7/10
[Srinivasan_2014] Epoch 082/100 | lr=4.77e-05 | train_loss=0.3516 train_acc=96.90% | val_loss=0.3306 val_acc=100.00% val_macroF1=100.00% | ep_time=3.6s peakVRAM=1.73GB
[ES] No improve 8/10
[Srinivasan_2014] Epoch 083/100 | lr=4.27e-05 | train_loss=0.3149 train_acc=99.82% | val_loss=0.3350 val_acc=99.79% val_macroF1=99.82% | ep_time=3.7s peakVRAM=1.73GB
[ES] No improve 9/10
[Srinivasan_2014] Epoch 084/100 | lr=3.80e-05 | train_loss=0.3181 train_acc=99.56% | val_loss=0.3313 val_acc=100.00% val_macroF1=100.00% | ep_time=3.6s peakVRAM=1.73GB
[ES] No improve 10/10
[Srinivasan_2014] Early stopping triggered.
[CAL] Fitting temperature scaling on VAL set...
[CAL] Learned temperature T = 0.2760

------------------------------------------------------------------------------------------
[Srinivasan_2014] TEST classification report (uncalibrated)
------------------------------------------------------------------------------------------
              precision    recall  f1-score   support

         AMD     1.0000    0.9908    0.9954       109
         DME     1.0000    1.0000    1.0000       165
      NORMAL     0.9953    1.0000    0.9976       211

    accuracy                         0.9979       485
   macro avg     0.9984    0.9969    0.9977       485
weighted avg     0.9979    0.9979    0.9979       485


==========================================================================================
[Srinivasan_2014] TEST summary (uncalibrated): Acc=99.79% MacroF1=99.77% ECE=0.0810 NLL=0.0874 Brier=0.0139
[Srinivasan_2014] Macro-AUC=1.0000
[Srinivasan_2014] TEMP-SCALED (T=0.276): ECE=0.0019 NLL=0.0144 Brier=0.0041
[Srinivasan_2014] Params trainable: 94,470 (0.4341%)
[Srinivasan_2014] Adapter-only size: 0.37 MB
[Srinivasan_2014] Inference latency (B=1): 14.012 ms/img (71.4 imgs/s), peakVRAM=0.10GB
[Srinivasan_2014] Inference throughput (B=64): 2092.0 imgs/s, peakVRAM=0.32GB
[Srinivasan_2014] Outputs saved in: runs\Srinivasan_2014\deit_small_vptdeep_frozen_3c\20251224-230558
==========================================================================================

