
=== DATASET RUN START: C8 ===

[DATA] Split/Class counts:
class   AMD   CNV   CSR   DME    DR  DRUSEN    MH  NORMAL  TOTAL
split                                                           
test    350   350   350   349   350     349   350     349   2797
train  2300  2257  2300  2272  2300    2233  2300    2298  18260
val     350   347   350   349   350     348   350     349   2793
[DATA] Train imbalance: min=2233, max=2300, ratio=1.03
[RAM] Caching split='train' images=18260 as uint8 tensors. Estimated RAM ~ 2.56 GB
[RAM] Cached 18260 images for split='train'
[RAM] Caching split='val' images=2793 as uint8 tensors. Estimated RAM ~ 0.39 GB
[RAM] Cached 2793 images for split='val'
[RAM] Caching split='test' images=2797 as uint8 tensors. Estimated RAM ~ 0.39 GB
[RAM] Cached 2797 images for split='test'
[IMB] Train class counts: [2300, 2257, 2300, 2272, 2300, 2233, 2300, 2298]
[IMB] Class-Balanced weights (mean~1): [0.9931, 1.01, 0.9931, 1.004, 0.9931, 1.0196, 0.9931, 0.9939]
[IMB] Sampler disabled. min=2233 max=2300 ratio=1.03

[DATASET] C8
 - root: D:\AIUB\DSP\Code\Datasets\C8\RetinalOCT_Dataset_CLEAN_SHAONLY
 - pad_to_square: True
 - cache_in_ram: True
 - classes (8): ['AMD', 'CNV', 'CSR', 'DME', 'DR', 'DRUSEN', 'MH', 'NORMAL']
 - split sizes: train=18260 val=2793 test=2797

[MODEL] Creating deit_base_distilled_patch16_224 + Manual LoRA (frozen=True)
[PARAMS] total=86,107,408 trainable=307,216 (0.3568%)
[IMB] Train class counts: [2300, 2257, 2300, 2272, 2300, 2233, 2300, 2298]
[IMB] Class-Balanced weights (mean~1): [0.9931, 1.01, 0.9931, 1.004, 0.9931, 1.0196, 0.9931, 0.9939]
[IMB] Sampler disabled. min=2233 max=2300 ratio=1.03
[C8] Epoch 001/100 | lr=2.00e-05 | train_loss=2.0141 train_acc=23.17% | val_loss=1.8512 val_acc=35.27% val_macroF1=30.96% | ep_time=63.1s peakVRAM=3.64GB
[ES] New best val_loss=1.851156 -> saved runs\C8\deit_base_lora_frozen_8c\20251225-011234\best_model.pth
[C8] Epoch 002/100 | lr=3.00e-05 | train_loss=1.6660 train_acc=51.56% | val_loss=1.3754 val_acc=64.98% val_macroF1=63.78% | ep_time=63.0s peakVRAM=3.65GB
[ES] New best val_loss=1.375404 -> saved runs\C8\deit_base_lora_frozen_8c\20251225-011234\best_model.pth
[C8] Epoch 003/100 | lr=4.00e-05 | train_loss=1.2714 train_acc=70.11% | val_loss=1.0378 val_acc=77.87% val_macroF1=77.10% | ep_time=63.0s peakVRAM=3.65GB
[ES] New best val_loss=1.037818 -> saved runs\C8\deit_base_lora_frozen_8c\20251225-011234\best_model.pth
[C8] Epoch 004/100 | lr=5.00e-05 | train_loss=1.0185 train_acc=78.79% | val_loss=0.8725 val_acc=84.43% val_macroF1=84.30% | ep_time=63.0s peakVRAM=3.65GB
[ES] New best val_loss=0.872502 -> saved runs\C8\deit_base_lora_frozen_8c\20251225-011234\best_model.pth
[C8] Epoch 005/100 | lr=6.00e-05 | train_loss=0.9093 train_acc=82.46% | val_loss=0.7846 val_acc=88.22% val_macroF1=88.11% | ep_time=63.0s peakVRAM=3.65GB
[ES] New best val_loss=0.784643 -> saved runs\C8\deit_base_lora_frozen_8c\20251225-011234\best_model.pth
[C8] Epoch 006/100 | lr=7.00e-05 | train_loss=0.8293 train_acc=86.02% | val_loss=0.7360 val_acc=90.23% val_macroF1=90.06% | ep_time=62.9s peakVRAM=3.65GB
[ES] New best val_loss=0.736010 -> saved runs\C8\deit_base_lora_frozen_8c\20251225-011234\best_model.pth
[C8] Epoch 007/100 | lr=8.00e-05 | train_loss=0.7704 train_acc=88.31% | val_loss=0.6939 val_acc=92.34% val_macroF1=92.32% | ep_time=63.0s peakVRAM=3.65GB
[ES] New best val_loss=0.693950 -> saved runs\C8\deit_base_lora_frozen_8c\20251225-011234\best_model.pth
[C8] Epoch 008/100 | lr=9.00e-05 | train_loss=0.7488 train_acc=89.24% | val_loss=0.6793 val_acc=92.88% val_macroF1=92.75% | ep_time=63.0s peakVRAM=3.65GB
[ES] New best val_loss=0.679302 -> saved runs\C8\deit_base_lora_frozen_8c\20251225-011234\best_model.pth
[C8] Epoch 009/100 | lr=1.00e-04 | train_loss=0.7242 train_acc=90.24% | val_loss=0.6474 val_acc=94.31% val_macroF1=94.29% | ep_time=63.0s peakVRAM=3.65GB
[ES] New best val_loss=0.647355 -> saved runs\C8\deit_base_lora_frozen_8c\20251225-011234\best_model.pth
[C8] Epoch 010/100 | lr=1.00e-04 | train_loss=0.7094 train_acc=90.92% | val_loss=0.6354 val_acc=94.56% val_macroF1=94.55% | ep_time=63.0s peakVRAM=3.65GB
[ES] New best val_loss=0.635353 -> saved runs\C8\deit_base_lora_frozen_8c\20251225-011234\best_model.pth
[C8] Epoch 011/100 | lr=1.00e-04 | train_loss=0.7027 train_acc=91.10% | val_loss=0.6235 val_acc=94.63% val_macroF1=94.56% | ep_time=63.0s peakVRAM=3.65GB
[ES] New best val_loss=0.623479 -> saved runs\C8\deit_base_lora_frozen_8c\20251225-011234\best_model.pth
[C8] Epoch 012/100 | lr=9.99e-05 | train_loss=0.6697 train_acc=92.55% | val_loss=0.6210 val_acc=94.81% val_macroF1=94.76% | ep_time=63.0s peakVRAM=3.65GB
[ES] New best val_loss=0.620997 -> saved runs\C8\deit_base_lora_frozen_8c\20251225-011234\best_model.pth
[C8] Epoch 013/100 | lr=9.97e-05 | train_loss=0.6531 train_acc=93.26% | val_loss=0.6092 val_acc=95.13% val_macroF1=95.06% | ep_time=63.0s peakVRAM=3.65GB
[ES] New best val_loss=0.609176 -> saved runs\C8\deit_base_lora_frozen_8c\20251225-011234\best_model.pth
[C8] Epoch 014/100 | lr=9.95e-05 | train_loss=0.6558 train_acc=93.03% | val_loss=0.6015 val_acc=95.49% val_macroF1=95.48% | ep_time=62.9s peakVRAM=3.65GB
[ES] New best val_loss=0.601496 -> saved runs\C8\deit_base_lora_frozen_8c\20251225-011234\best_model.pth
[C8] Epoch 015/100 | lr=9.92e-05 | train_loss=0.6327 train_acc=94.20% | val_loss=0.6013 val_acc=95.24% val_macroF1=95.14% | ep_time=63.0s peakVRAM=3.65GB
[ES] New best val_loss=0.601328 -> saved runs\C8\deit_base_lora_frozen_8c\20251225-011234\best_model.pth
[C8] Epoch 016/100 | lr=9.89e-05 | train_loss=0.6402 train_acc=93.43% | val_loss=0.5987 val_acc=95.02% val_macroF1=94.91% | ep_time=63.0s peakVRAM=3.65GB
[ES] New best val_loss=0.598747 -> saved runs\C8\deit_base_lora_frozen_8c\20251225-011234\best_model.pth
[C8] Epoch 017/100 | lr=9.85e-05 | train_loss=0.6342 train_acc=93.70% | val_loss=0.5877 val_acc=95.85% val_macroF1=95.81% | ep_time=63.0s peakVRAM=3.65GB
[ES] New best val_loss=0.587712 -> saved runs\C8\deit_base_lora_frozen_8c\20251225-011234\best_model.pth
[C8] Epoch 018/100 | lr=9.81e-05 | train_loss=0.6195 train_acc=94.23% | val_loss=0.5839 val_acc=95.92% val_macroF1=95.88% | ep_time=63.0s peakVRAM=3.65GB
[ES] New best val_loss=0.583876 -> saved runs\C8\deit_base_lora_frozen_8c\20251225-011234\best_model.pth
[C8] Epoch 019/100 | lr=9.76e-05 | train_loss=0.6242 train_acc=93.99% | val_loss=0.5789 val_acc=96.49% val_macroF1=96.48% | ep_time=63.0s peakVRAM=3.65GB
[ES] New best val_loss=0.578913 -> saved runs\C8\deit_base_lora_frozen_8c\20251225-011234\best_model.pth
[C8] Epoch 020/100 | lr=9.70e-05 | train_loss=0.6195 train_acc=94.33% | val_loss=0.5797 val_acc=96.06% val_macroF1=96.04% | ep_time=63.1s peakVRAM=3.65GB
[ES] No improve 1/10
[C8] Epoch 021/100 | lr=9.64e-05 | train_loss=0.6217 train_acc=94.16% | val_loss=0.5769 val_acc=96.17% val_macroF1=96.15% | ep_time=63.0s peakVRAM=3.65GB
[ES] New best val_loss=0.576931 -> saved runs\C8\deit_base_lora_frozen_8c\20251225-011234\best_model.pth
[C8] Epoch 022/100 | lr=9.57e-05 | train_loss=0.6220 train_acc=94.04% | val_loss=0.5803 val_acc=95.74% val_macroF1=95.72% | ep_time=63.1s peakVRAM=3.65GB
[ES] No improve 1/10
[C8] Epoch 023/100 | lr=9.49e-05 | train_loss=0.6054 train_acc=94.79% | val_loss=0.5739 val_acc=96.28% val_macroF1=96.26% | ep_time=63.1s peakVRAM=3.65GB
[ES] New best val_loss=0.573856 -> saved runs\C8\deit_base_lora_frozen_8c\20251225-011234\best_model.pth
[C8] Epoch 024/100 | lr=9.41e-05 | train_loss=0.6055 train_acc=94.65% | val_loss=0.5769 val_acc=95.92% val_macroF1=95.90% | ep_time=63.1s peakVRAM=3.65GB
[ES] No improve 1/10
[C8] Epoch 025/100 | lr=9.33e-05 | train_loss=0.5987 train_acc=94.93% | val_loss=0.5724 val_acc=96.42% val_macroF1=96.39% | ep_time=63.1s peakVRAM=3.65GB
[ES] New best val_loss=0.572444 -> saved runs\C8\deit_base_lora_frozen_8c\20251225-011234\best_model.pth
[C8] Epoch 026/100 | lr=9.24e-05 | train_loss=0.6086 train_acc=94.45% | val_loss=0.5658 val_acc=96.56% val_macroF1=96.55% | ep_time=63.1s peakVRAM=3.65GB
[ES] New best val_loss=0.565755 -> saved runs\C8\deit_base_lora_frozen_8c\20251225-011234\best_model.pth
[C8] Epoch 027/100 | lr=9.15e-05 | train_loss=0.5985 train_acc=94.94% | val_loss=0.5687 val_acc=96.42% val_macroF1=96.41% | ep_time=63.1s peakVRAM=3.65GB
[ES] No improve 1/10
[C8] Epoch 028/100 | lr=9.05e-05 | train_loss=0.5986 train_acc=94.94% | val_loss=0.5693 val_acc=96.20% val_macroF1=96.17% | ep_time=63.0s peakVRAM=3.65GB
[ES] No improve 2/10
[C8] Epoch 029/100 | lr=8.94e-05 | train_loss=0.5989 train_acc=94.93% | val_loss=0.5674 val_acc=96.24% val_macroF1=96.22% | ep_time=63.0s peakVRAM=3.65GB
[ES] No improve 3/10
[C8] Epoch 030/100 | lr=8.83e-05 | train_loss=0.5916 train_acc=95.15% | val_loss=0.5689 val_acc=96.20% val_macroF1=96.17% | ep_time=63.0s peakVRAM=3.65GB
[ES] No improve 4/10
[C8] Epoch 031/100 | lr=8.72e-05 | train_loss=0.5973 train_acc=94.73% | val_loss=0.5684 val_acc=96.13% val_macroF1=96.12% | ep_time=63.0s peakVRAM=3.65GB
[ES] No improve 5/10
[C8] Epoch 032/100 | lr=8.60e-05 | train_loss=0.5983 train_acc=94.80% | val_loss=0.5615 val_acc=96.60% val_macroF1=96.59% | ep_time=63.0s peakVRAM=3.65GB
[ES] New best val_loss=0.561524 -> saved runs\C8\deit_base_lora_frozen_8c\20251225-011234\best_model.pth
[C8] Epoch 033/100 | lr=8.47e-05 | train_loss=0.5943 train_acc=94.96% | val_loss=0.5565 val_acc=96.99% val_macroF1=96.98% | ep_time=63.0s peakVRAM=3.65GB
[ES] New best val_loss=0.556473 -> saved runs\C8\deit_base_lora_frozen_8c\20251225-011234\best_model.pth
[C8] Epoch 034/100 | lr=8.35e-05 | train_loss=0.5947 train_acc=95.02% | val_loss=0.5644 val_acc=96.42% val_macroF1=96.40% | ep_time=63.1s peakVRAM=3.65GB
[ES] No improve 1/10
[C8] Epoch 035/100 | lr=8.21e-05 | train_loss=0.5952 train_acc=94.86% | val_loss=0.5628 val_acc=96.46% val_macroF1=96.44% | ep_time=63.1s peakVRAM=3.65GB
[ES] No improve 2/10
[C8] Epoch 036/100 | lr=8.08e-05 | train_loss=0.5831 train_acc=95.43% | val_loss=0.5581 val_acc=96.81% val_macroF1=96.79% | ep_time=63.1s peakVRAM=3.65GB
[ES] No improve 3/10
[C8] Epoch 037/100 | lr=7.94e-05 | train_loss=0.5757 train_acc=95.75% | val_loss=0.5586 val_acc=96.71% val_macroF1=96.70% | ep_time=63.1s peakVRAM=3.65GB
[ES] No improve 4/10
[C8] Epoch 038/100 | lr=7.80e-05 | train_loss=0.5967 train_acc=94.88% | val_loss=0.5568 val_acc=96.78% val_macroF1=96.76% | ep_time=63.1s peakVRAM=3.65GB
[ES] No improve 5/10
[C8] Epoch 039/100 | lr=7.65e-05 | train_loss=0.5953 train_acc=94.93% | val_loss=0.5565 val_acc=96.74% val_macroF1=96.73% | ep_time=63.2s peakVRAM=3.65GB
[ES] No improve 6/10
[C8] Epoch 040/100 | lr=7.50e-05 | train_loss=0.5963 train_acc=94.70% | val_loss=0.5555 val_acc=97.06% val_macroF1=97.05% | ep_time=63.1s peakVRAM=3.65GB
[ES] New best val_loss=0.555490 -> saved runs\C8\deit_base_lora_frozen_8c\20251225-011234\best_model.pth
[C8] Epoch 041/100 | lr=7.35e-05 | train_loss=0.5824 train_acc=95.44% | val_loss=0.5562 val_acc=96.67% val_macroF1=96.66% | ep_time=63.1s peakVRAM=3.65GB
[ES] No improve 1/10
[C8] Epoch 042/100 | lr=7.19e-05 | train_loss=0.5885 train_acc=94.92% | val_loss=0.5538 val_acc=96.81% val_macroF1=96.80% | ep_time=63.2s peakVRAM=3.65GB
[ES] New best val_loss=0.553779 -> saved runs\C8\deit_base_lora_frozen_8c\20251225-011234\best_model.pth
[C8] Epoch 043/100 | lr=7.03e-05 | train_loss=0.5780 train_acc=95.59% | val_loss=0.5532 val_acc=96.78% val_macroF1=96.77% | ep_time=63.1s peakVRAM=3.65GB
[ES] New best val_loss=0.553163 -> saved runs\C8\deit_base_lora_frozen_8c\20251225-011234\best_model.pth
[C8] Epoch 044/100 | lr=6.87e-05 | train_loss=0.5855 train_acc=95.18% | val_loss=0.5552 val_acc=96.71% val_macroF1=96.70% | ep_time=63.1s peakVRAM=3.65GB
[ES] No improve 1/10
[C8] Epoch 045/100 | lr=6.71e-05 | train_loss=0.5987 train_acc=94.53% | val_loss=0.5574 val_acc=96.49% val_macroF1=96.48% | ep_time=63.2s peakVRAM=3.65GB
[ES] No improve 2/10
[C8] Epoch 046/100 | lr=6.55e-05 | train_loss=0.5941 train_acc=94.66% | val_loss=0.5533 val_acc=96.78% val_macroF1=96.77% | ep_time=63.2s peakVRAM=3.65GB
[ES] No improve 3/10
[C8] Epoch 047/100 | lr=6.38e-05 | train_loss=0.5817 train_acc=95.26% | val_loss=0.5529 val_acc=96.78% val_macroF1=96.77% | ep_time=63.2s peakVRAM=3.65GB
[ES] New best val_loss=0.552895 -> saved runs\C8\deit_base_lora_frozen_8c\20251225-011234\best_model.pth
[C8] Epoch 048/100 | lr=6.21e-05 | train_loss=0.5811 train_acc=95.43% | val_loss=0.5503 val_acc=97.03% val_macroF1=97.01% | ep_time=63.2s peakVRAM=3.65GB
[ES] New best val_loss=0.550341 -> saved runs\C8\deit_base_lora_frozen_8c\20251225-011234\best_model.pth
[C8] Epoch 049/100 | lr=6.04e-05 | train_loss=0.5815 train_acc=95.42% | val_loss=0.5506 val_acc=97.06% val_macroF1=97.05% | ep_time=63.2s peakVRAM=3.65GB
[ES] No improve 1/10
[C8] Epoch 050/100 | lr=5.87e-05 | train_loss=0.5765 train_acc=95.57% | val_loss=0.5501 val_acc=97.17% val_macroF1=97.16% | ep_time=63.2s peakVRAM=3.65GB
[ES] New best val_loss=0.550143 -> saved runs\C8\deit_base_lora_frozen_8c\20251225-011234\best_model.pth
[C8] Epoch 051/100 | lr=5.70e-05 | train_loss=0.5777 train_acc=95.60% | val_loss=0.5510 val_acc=96.85% val_macroF1=96.84% | ep_time=63.1s peakVRAM=3.65GB
[ES] No improve 1/10
[C8] Epoch 052/100 | lr=5.52e-05 | train_loss=0.5750 train_acc=95.58% | val_loss=0.5486 val_acc=97.21% val_macroF1=97.20% | ep_time=63.1s peakVRAM=3.65GB
[ES] New best val_loss=0.548595 -> saved runs\C8\deit_base_lora_frozen_8c\20251225-011234\best_model.pth
[C8] Epoch 053/100 | lr=5.35e-05 | train_loss=0.5729 train_acc=95.84% | val_loss=0.5476 val_acc=97.28% val_macroF1=97.27% | ep_time=63.1s peakVRAM=3.65GB
[ES] New best val_loss=0.547554 -> saved runs\C8\deit_base_lora_frozen_8c\20251225-011234\best_model.pth
[C8] Epoch 054/100 | lr=5.17e-05 | train_loss=0.5737 train_acc=95.70% | val_loss=0.5524 val_acc=96.85% val_macroF1=96.82% | ep_time=63.2s peakVRAM=3.65GB
[ES] No improve 1/10
[C8] Epoch 055/100 | lr=5.00e-05 | train_loss=0.5733 train_acc=95.81% | val_loss=0.5493 val_acc=96.99% val_macroF1=96.98% | ep_time=63.2s peakVRAM=3.65GB
[ES] No improve 2/10
[C8] Epoch 056/100 | lr=4.83e-05 | train_loss=0.5827 train_acc=95.38% | val_loss=0.5496 val_acc=96.96% val_macroF1=96.95% | ep_time=63.1s peakVRAM=3.65GB
[ES] No improve 3/10
[C8] Epoch 057/100 | lr=4.65e-05 | train_loss=0.5745 train_acc=95.55% | val_loss=0.5534 val_acc=96.71% val_macroF1=96.70% | ep_time=63.2s peakVRAM=3.65GB
[ES] No improve 4/10
[C8] Epoch 058/100 | lr=4.48e-05 | train_loss=0.5751 train_acc=95.54% | val_loss=0.5514 val_acc=96.71% val_macroF1=96.70% | ep_time=63.1s peakVRAM=3.65GB
[ES] No improve 5/10
[C8] Epoch 059/100 | lr=4.30e-05 | train_loss=0.5783 train_acc=95.45% | val_loss=0.5482 val_acc=96.96% val_macroF1=96.94% | ep_time=63.2s peakVRAM=3.65GB
[ES] No improve 6/10
[C8] Epoch 060/100 | lr=4.13e-05 | train_loss=0.5713 train_acc=95.75% | val_loss=0.5499 val_acc=97.03% val_macroF1=97.01% | ep_time=63.1s peakVRAM=3.65GB
[ES] No improve 7/10
[C8] Epoch 061/100 | lr=3.96e-05 | train_loss=0.5770 train_acc=95.51% | val_loss=0.5498 val_acc=96.78% val_macroF1=96.77% | ep_time=63.1s peakVRAM=3.65GB
[ES] No improve 8/10
[C8] Epoch 062/100 | lr=3.79e-05 | train_loss=0.5664 train_acc=95.86% | val_loss=0.5478 val_acc=96.99% val_macroF1=96.98% | ep_time=63.2s peakVRAM=3.65GB
[ES] No improve 9/10
[C8] Epoch 063/100 | lr=3.62e-05 | train_loss=0.5676 train_acc=95.96% | val_loss=0.5469 val_acc=96.85% val_macroF1=96.84% | ep_time=63.1s peakVRAM=3.65GB
[ES] New best val_loss=0.546868 -> saved runs\C8\deit_base_lora_frozen_8c\20251225-011234\best_model.pth
[C8] Epoch 064/100 | lr=3.45e-05 | train_loss=0.5637 train_acc=96.08% | val_loss=0.5476 val_acc=97.10% val_macroF1=97.09% | ep_time=63.2s peakVRAM=3.65GB
[ES] No improve 1/10
[C8] Epoch 065/100 | lr=3.29e-05 | train_loss=0.5764 train_acc=95.37% | val_loss=0.5475 val_acc=96.92% val_macroF1=96.91% | ep_time=63.2s peakVRAM=3.65GB
[ES] No improve 2/10
[C8] Epoch 066/100 | lr=3.13e-05 | train_loss=0.5705 train_acc=95.79% | val_loss=0.5471 val_acc=97.21% val_macroF1=97.19% | ep_time=63.4s peakVRAM=3.65GB
[ES] No improve 3/10
[C8] Epoch 067/100 | lr=2.97e-05 | train_loss=0.5632 train_acc=96.12% | val_loss=0.5484 val_acc=96.74% val_macroF1=96.73% | ep_time=63.1s peakVRAM=3.65GB
[ES] No improve 4/10
[C8] Epoch 068/100 | lr=2.81e-05 | train_loss=0.5573 train_acc=96.45% | val_loss=0.5465 val_acc=96.99% val_macroF1=96.98% | ep_time=63.1s peakVRAM=3.65GB
[ES] New best val_loss=0.546471 -> saved runs\C8\deit_base_lora_frozen_8c\20251225-011234\best_model.pth
[C8] Epoch 069/100 | lr=2.65e-05 | train_loss=0.5732 train_acc=95.54% | val_loss=0.5461 val_acc=97.14% val_macroF1=97.12% | ep_time=63.0s peakVRAM=3.65GB
[ES] New best val_loss=0.546062 -> saved runs\C8\deit_base_lora_frozen_8c\20251225-011234\best_model.pth
[C8] Epoch 070/100 | lr=2.50e-05 | train_loss=0.5639 train_acc=96.06% | val_loss=0.5479 val_acc=96.81% val_macroF1=96.79% | ep_time=63.0s peakVRAM=3.65GB
[ES] No improve 1/10
[C8] Epoch 071/100 | lr=2.35e-05 | train_loss=0.5748 train_acc=95.59% | val_loss=0.5464 val_acc=97.03% val_macroF1=97.01% | ep_time=63.0s peakVRAM=3.65GB
[ES] No improve 2/10
[C8] Epoch 072/100 | lr=2.20e-05 | train_loss=0.5732 train_acc=95.58% | val_loss=0.5463 val_acc=96.96% val_macroF1=96.94% | ep_time=63.0s peakVRAM=3.65GB
[ES] No improve 3/10
[C8] Epoch 073/100 | lr=2.06e-05 | train_loss=0.5659 train_acc=95.88% | val_loss=0.5461 val_acc=96.92% val_macroF1=96.91% | ep_time=63.0s peakVRAM=3.65GB
[ES] No improve 4/10
[C8] Epoch 074/100 | lr=1.92e-05 | train_loss=0.5695 train_acc=95.74% | val_loss=0.5473 val_acc=96.89% val_macroF1=96.88% | ep_time=63.1s peakVRAM=3.65GB
[ES] No improve 5/10
[C8] Epoch 075/100 | lr=1.79e-05 | train_loss=0.5668 train_acc=95.89% | val_loss=0.5464 val_acc=96.81% val_macroF1=96.81% | ep_time=63.0s peakVRAM=3.65GB
[ES] No improve 6/10
[C8] Epoch 076/100 | lr=1.65e-05 | train_loss=0.5640 train_acc=96.06% | val_loss=0.5470 val_acc=96.96% val_macroF1=96.95% | ep_time=63.0s peakVRAM=3.65GB
[ES] No improve 7/10
[C8] Epoch 077/100 | lr=1.53e-05 | train_loss=0.5669 train_acc=96.00% | val_loss=0.5474 val_acc=96.99% val_macroF1=96.98% | ep_time=63.0s peakVRAM=3.65GB
[ES] No improve 8/10
[C8] Epoch 078/100 | lr=1.40e-05 | train_loss=0.5709 train_acc=95.65% | val_loss=0.5470 val_acc=96.92% val_macroF1=96.91% | ep_time=63.0s peakVRAM=3.65GB
[ES] No improve 9/10
[C8] Epoch 079/100 | lr=1.28e-05 | train_loss=0.5634 train_acc=96.15% | val_loss=0.5451 val_acc=96.99% val_macroF1=96.98% | ep_time=63.1s peakVRAM=3.65GB
[ES] New best val_loss=0.545145 -> saved runs\C8\deit_base_lora_frozen_8c\20251225-011234\best_model.pth
[C8] Epoch 080/100 | lr=1.17e-05 | train_loss=0.5668 train_acc=96.02% | val_loss=0.5463 val_acc=96.96% val_macroF1=96.95% | ep_time=63.0s peakVRAM=3.65GB
[ES] No improve 1/10
[C8] Epoch 081/100 | lr=1.06e-05 | train_loss=0.5633 train_acc=95.96% | val_loss=0.5453 val_acc=97.03% val_macroF1=97.02% | ep_time=63.0s peakVRAM=3.65GB
[ES] No improve 2/10
[C8] Epoch 082/100 | lr=9.55e-06 | train_loss=0.5655 train_acc=95.94% | val_loss=0.5461 val_acc=96.99% val_macroF1=96.98% | ep_time=63.0s peakVRAM=3.65GB
[ES] No improve 3/10
[C8] Epoch 083/100 | lr=8.55e-06 | train_loss=0.5751 train_acc=95.42% | val_loss=0.5450 val_acc=97.03% val_macroF1=97.02% | ep_time=63.0s peakVRAM=3.65GB
[ES] New best val_loss=0.545013 -> saved runs\C8\deit_base_lora_frozen_8c\20251225-011234\best_model.pth
[C8] Epoch 084/100 | lr=7.60e-06 | train_loss=0.5759 train_acc=95.41% | val_loss=0.5450 val_acc=96.96% val_macroF1=96.95% | ep_time=63.0s peakVRAM=3.65GB
[ES] New best val_loss=0.544978 -> saved runs\C8\deit_base_lora_frozen_8c\20251225-011234\best_model.pth
[C8] Epoch 085/100 | lr=6.70e-06 | train_loss=0.5632 train_acc=96.11% | val_loss=0.5453 val_acc=96.96% val_macroF1=96.95% | ep_time=63.0s peakVRAM=3.65GB
[ES] No improve 1/10
[C8] Epoch 086/100 | lr=5.85e-06 | train_loss=0.5682 train_acc=95.76% | val_loss=0.5448 val_acc=97.06% val_macroF1=97.05% | ep_time=63.0s peakVRAM=3.65GB
[ES] New best val_loss=0.544835 -> saved runs\C8\deit_base_lora_frozen_8c\20251225-011234\best_model.pth
[C8] Epoch 087/100 | lr=5.06e-06 | train_loss=0.5615 train_acc=96.10% | val_loss=0.5452 val_acc=97.10% val_macroF1=97.09% | ep_time=63.0s peakVRAM=3.65GB
[ES] No improve 1/10
[C8] Epoch 088/100 | lr=4.32e-06 | train_loss=0.5569 train_acc=96.39% | val_loss=0.5454 val_acc=97.03% val_macroF1=97.02% | ep_time=63.0s peakVRAM=3.65GB
[ES] No improve 2/10
[C8] Epoch 089/100 | lr=3.64e-06 | train_loss=0.5691 train_acc=95.83% | val_loss=0.5454 val_acc=97.03% val_macroF1=97.02% | ep_time=63.0s peakVRAM=3.65GB
[ES] No improve 3/10
[C8] Epoch 090/100 | lr=3.02e-06 | train_loss=0.5602 train_acc=96.22% | val_loss=0.5456 val_acc=97.06% val_macroF1=97.05% | ep_time=63.0s peakVRAM=3.65GB
[ES] No improve 4/10
[C8] Epoch 091/100 | lr=2.45e-06 | train_loss=0.5589 train_acc=96.31% | val_loss=0.5463 val_acc=96.85% val_macroF1=96.84% | ep_time=63.0s peakVRAM=3.65GB
[ES] No improve 5/10
[C8] Epoch 092/100 | lr=1.94e-06 | train_loss=0.5568 train_acc=96.26% | val_loss=0.5460 val_acc=96.89% val_macroF1=96.88% | ep_time=63.0s peakVRAM=3.65GB
[ES] No improve 6/10
[C8] Epoch 093/100 | lr=1.49e-06 | train_loss=0.5662 train_acc=95.96% | val_loss=0.5454 val_acc=97.03% val_macroF1=97.02% | ep_time=63.0s peakVRAM=3.65GB
[ES] No improve 7/10
[C8] Epoch 094/100 | lr=1.09e-06 | train_loss=0.5619 train_acc=96.12% | val_loss=0.5449 val_acc=97.03% val_macroF1=97.02% | ep_time=63.0s peakVRAM=3.65GB
[ES] No improve 8/10
[C8] Epoch 095/100 | lr=7.60e-07 | train_loss=0.5521 train_acc=96.56% | val_loss=0.5450 val_acc=97.06% val_macroF1=97.05% | ep_time=63.0s peakVRAM=3.65GB
[ES] No improve 9/10
[C8] Epoch 096/100 | lr=4.87e-07 | train_loss=0.5690 train_acc=95.85% | val_loss=0.5453 val_acc=97.03% val_macroF1=97.02% | ep_time=62.9s peakVRAM=3.65GB
[ES] No improve 10/10
[C8] Early stopping triggered.
[CAL] Fitting temperature scaling on VAL set...
[CAL] Learned temperature T = 0.6182

------------------------------------------------------------------------------------------
[C8] TEST classification report (uncalibrated)
------------------------------------------------------------------------------------------
              precision    recall  f1-score   support

         AMD     1.0000    1.0000    1.0000       350
         CNV     0.9449    0.9314    0.9381       350
         CSR     1.0000    1.0000    1.0000       350
         DME     0.9766    0.9570    0.9667       349
          DR     1.0000    1.0000    1.0000       350
      DRUSEN     0.9226    0.8883    0.9051       349
          MH     1.0000    1.0000    1.0000       350
      NORMAL     0.9144    0.9799    0.9461       349

    accuracy                         0.9696      2797
   macro avg     0.9698    0.9696    0.9695      2797
weighted avg     0.9699    0.9696    0.9695      2797


==========================================================================================
[C8] TEST summary (uncalibrated): Acc=96.96% MacroF1=96.95% ECE=0.0835 NLL=0.1708 Brier=0.0549
[C8] Macro-AUC=0.9979
[C8] TEMP-SCALED (T=0.618): ECE=0.0067 NLL=0.1002 Brier=0.0472
[C8] Params trainable: 307,216 (0.3568%)
[C8] Adapter-only size: 1.18 MB
[C8] Inference latency (B=1): 11.134 ms/img (89.8 imgs/s), peakVRAM=0.35GB
[C8] Inference throughput (B=64): 865.7 imgs/s, peakVRAM=0.67GB
[C8] Outputs saved in: runs\C8\deit_base_lora_frozen_8c\20251225-011234
==========================================================================================

